01-04 14:13:29.168 autoreload.py  :203  trigger_reload                 INFO     G:\website\crea\RETSManager\ddf_manager\settings.py changed, reloading.
01-04 14:13:39.354 autoreload.py  :203  trigger_reload                 INFO     G:\website\crea\RETSManager\ddf_manager\settings.py changed, reloading.
01-04 14:20:55.005 ddf_streamer.py:32   login                          INFO     ===========================================================================
01-04 14:20:55.451 ddf_streamer.py:35   login                          INFO     Login Successful
01-04 14:20:55.453 manager.py     :48   read_last_update               WARNING  adding initial timestamp
01-04 14:20:55.461 ddf_client.py  :272  update_listings                INFO     Update Listings Started
01-04 14:20:56.235 ddf_streamer.py:108  retrieve_active_records        WARNING  No Active Records Founds
01-04 14:20:56.236 ddf_client.py  :160  download_active_listings       INFO     0 active listings found since 2014-08-17T18:13:22Z
01-04 14:20:56.236 ddf_client.py  :183  download_active_listings       INFO     0 new active listing successfully downloaded
01-04 14:20:56.236 ddf_client.py  :202  download_remaining_listings    INFO     Attempting to download listings by id
01-04 14:20:56.383 ddf_streamer.py:75   retrieve_master_list           ERROR    Search Failed by RETS Server, Returned Code: 20201, Message: No Records Found
01-04 14:20:56.383 ddf_client.py  :209  download_remaining_listings    ERROR    Failed to Retrieve Master List
01-04 14:20:56.383 ddf_client.py  :305  update_listings                ERROR    Failed to Download Listings By ID
01-04 14:20:56.383 ddf_client.py  :306  update_listings                ERROR    Update was terminated
01-04 14:20:56.383 manager.py     :282  update_db                      ERROR    Failed to update DDF
01-04 14:20:56.383 manager.py     :283  update_db                      ERROR    Error in database update changes have been ignored
01-04 14:20:56.473 manager.py     :306  update_server                  INFO     Update Failed
01-04 14:20:56.645 ddf_streamer.py:51   logout                         INFO     Logout Successful
01-04 14:21:20.403 autoreload.py  :203  trigger_reload                 INFO     G:\website\crea\RETSManager\ddf_manager\settings.py changed, reloading.
01-04 14:21:22.975 ddf_streamer.py:32   login                          INFO     ===========================================================================
01-04 14:21:23.283 ddf_streamer.py:35   login                          INFO     Login Successful
01-04 14:21:23.297 ddf_client.py  :272  update_listings                INFO     Update Listings Started
01-04 14:21:23.387 ddf_streamer.py:112  retrieve_active_records        ERROR    RETS Server Failure, Returned Code: 20701, Message: Not Logged In
01-04 14:21:23.387 ddf_client.py  :152  download_active_listings       ERROR    Failed to retrieve active records
01-04 14:21:23.388 ddf_client.py  :279  update_listings                ERROR    Failed to Download Active Listings
01-04 14:21:23.388 ddf_client.py  :280  update_listings                ERROR    Update was terminated
01-04 14:21:23.388 manager.py     :282  update_db                      ERROR    Failed to update DDF
01-04 14:21:23.388 manager.py     :283  update_db                      ERROR    Error in database update changes have been ignored
01-04 14:21:23.388 manager.py     :306  update_server                  INFO     Update Failed
01-04 14:21:23.436 ddf_streamer.py:51   logout                         INFO     Logout Successful
01-04 14:21:27.965 ddf_streamer.py:32   login                          INFO     ===========================================================================
01-04 14:21:28.196 ddf_streamer.py:35   login                          INFO     Login Successful
01-04 14:21:28.200 ddf_client.py  :272  update_listings                INFO     Update Listings Started
01-04 14:21:30.146 ddf_client.py  :160  download_active_listings       INFO     10 active listings found since 2014-08-17T18:13:22Z
01-04 14:21:30.146 ddf_client.py  :183  download_active_listings       INFO     10 new active listing successfully downloaded
01-04 14:21:30.146 ddf_client.py  :285  update_listings                WARNING  Download by ID is skipped as limit is reached through active listing search
01-04 14:21:30.146 ddf_client.py  :452  update                         INFO     Listing Update Completed
01-04 14:21:30.600 ddf_media.py   :235  get_photos                     ERROR    local variable 'photo_id' referenced before assignment
01-04 14:21:30.600 ddf_media.py   :236  get_photos                     ERROR    Failed to get Photos for Listing:18056086
01-04 14:21:30.697 ddf_media.py   :235  get_photos                     ERROR    local variable 'photo_id' referenced before assignment
01-04 14:21:30.698 ddf_media.py   :236  get_photos                     ERROR    Failed to get Photos for Listing:19047700
01-04 14:21:30.933 ddf_media.py   :235  get_photos                     ERROR    local variable 'photo_id' referenced before assignment
01-04 14:21:30.933 ddf_media.py   :236  get_photos                     ERROR    Failed to get Photos for Listing:20301015
01-04 14:21:31.052 ddf_media.py   :235  get_photos                     ERROR    local variable 'photo_id' referenced before assignment
01-04 14:21:31.052 ddf_media.py   :236  get_photos                     ERROR    Failed to get Photos for Listing:20453154
01-04 14:21:31.153 ddf_media.py   :235  get_photos                     ERROR    local variable 'photo_id' referenced before assignment
01-04 14:21:31.153 ddf_media.py   :236  get_photos                     ERROR    Failed to get Photos for Listing:20372671
01-04 14:21:31.261 ddf_media.py   :235  get_photos                     ERROR    local variable 'photo_id' referenced before assignment
01-04 14:21:31.261 ddf_media.py   :236  get_photos                     ERROR    Failed to get Photos for Listing:20211870
01-04 14:21:31.262 ddf_media.py   :317  download_photos                WARNING  Failed to Download 6 Photos
01-04 14:21:31.262 ddf_client.py  :402  update_photos                  INFO     Retry to Download Failed Downloads
01-04 14:21:31.262 ddf_client.py  :365  remove_failed_photos_listings  INFO     Removed Listing 18056086 from Listings as photos failed to download
01-04 14:21:31.262 ddf_client.py  :365  remove_failed_photos_listings  INFO     Removed Listing 20301015 from Listings as photos failed to download
01-04 14:21:31.262 ddf_client.py  :365  remove_failed_photos_listings  INFO     Removed Listing 20372671 from Listings as photos failed to download
01-04 14:21:31.262 ddf_client.py  :462  update                         INFO     Data Update was successful
01-04 14:21:34.179 db_write.py    :177  update_records                 INFO     New Listings       : 7
01-04 14:21:34.179 db_write.py    :178  update_records                 INFO     Updated Listings   : 0
01-04 14:21:34.179 db_write.py    :179  update_records                 INFO     No Change Listings : 0
01-04 14:21:34.179 db_write.py    :180  update_records                 INFO     No Address Listings: 0
01-04 14:21:34.180 manager.py     :56   delete_records                 INFO     Deleted 0 old record from DB
01-04 14:21:34.181 manager.py     :279  update_db                      INFO     DB updated successfully
01-04 14:21:34.454 ddf_streamer.py:51   logout                         INFO     Logout Successful
01-04 14:21:34.454 manager.py     :310  update_server                  INFO     Server updated successfully
01-05 06:46:32.031 log.py         :222  log_response                   WARNING  Not Found: /favicon.ico
01-05 06:47:06.339 log.py         :222  log_response                   WARNING  Not Found: /test
01-05 06:47:22.466 autoreload.py  :203  trigger_reload                 INFO     G:\website\crea\RETSManager\web_app\urls.py changed, reloading.
01-05 06:47:26.793 autoreload.py  :203  trigger_reload                 INFO     G:\website\crea\RETSManager\web_app\urls.py changed, reloading.
01-05 06:47:30.775 log.py         :222  log_response                   WARNING  Not Found: /test/
01-05 06:47:33.506 ddf_streamer.py:32   login                          INFO     ===========================================================================
01-05 06:47:33.781 ddf_streamer.py:35   login                          INFO     Login Successful
01-05 06:47:33.796 ddf_client.py  :272  update_listings                INFO     Update Listings Started
01-05 06:47:33.923 ddf_streamer.py:112  retrieve_active_records        ERROR    RETS Server Failure, Returned Code: 20701, Message: Not Logged In
01-05 06:47:33.923 ddf_client.py  :152  download_active_listings       ERROR    Failed to retrieve active records
01-05 06:47:33.924 ddf_client.py  :279  update_listings                ERROR    Failed to Download Active Listings
01-05 06:47:33.924 ddf_client.py  :280  update_listings                ERROR    Update was terminated
01-05 06:47:33.924 manager.py     :282  update_db                      ERROR    Failed to update DDF
01-05 06:47:33.924 manager.py     :283  update_db                      ERROR    Error in database update changes have been ignored
01-05 06:47:33.925 manager.py     :306  update_server                  INFO     Update Failed
01-05 06:47:33.969 ddf_streamer.py:51   logout                         INFO     Logout Successful
01-05 06:47:38.445 ddf_streamer.py:32   login                          INFO     ===========================================================================
01-05 06:47:38.639 ddf_streamer.py:35   login                          INFO     Login Successful
01-05 06:47:38.651 ddf_client.py  :272  update_listings                INFO     Update Listings Started
01-05 06:47:40.476 ddf_client.py  :160  download_active_listings       INFO     10 active listings found since 2021-01-01T22:21:28Z
01-05 06:47:40.476 ddf_client.py  :183  download_active_listings       INFO     10 new active listing successfully downloaded
01-05 06:47:40.476 ddf_client.py  :285  update_listings                WARNING  Download by ID is skipped as limit is reached through active listing search
01-05 06:47:40.476 ddf_client.py  :452  update                         INFO     Listing Update Completed
01-05 06:47:41.714 ddf_media.py   :235  get_photos                     ERROR    local variable 'photo_id' referenced before assignment
01-05 06:47:41.714 ddf_media.py   :236  get_photos                     ERROR    Failed to get Photos for Listing:21971808
01-05 06:47:42.018 ddf_media.py   :317  download_photos                WARNING  Failed to Download 1 Photos
01-05 06:47:42.018 ddf_client.py  :402  update_photos                  INFO     Retry to Download Failed Downloads
01-05 06:47:42.018 ddf_client.py  :365  remove_failed_photos_listings  INFO     Removed Listing 21971808 from Listings as photos failed to download
01-05 06:47:42.019 ddf_client.py  :462  update                         INFO     Data Update was successful
01-05 06:47:45.824 db_write.py    :177  update_records                 INFO     New Listings       : 9
01-05 06:47:45.824 db_write.py    :178  update_records                 INFO     Updated Listings   : 0
01-05 06:47:45.824 db_write.py    :179  update_records                 INFO     No Change Listings : 0
01-05 06:47:45.824 db_write.py    :180  update_records                 INFO     No Address Listings: 1
01-05 06:47:45.825 manager.py     :56   delete_records                 INFO     Deleted 0 old record from DB
01-05 06:47:45.826 manager.py     :279  update_db                      INFO     DB updated successfully
01-05 06:47:46.064 ddf_streamer.py:51   logout                         INFO     Logout Successful
01-05 06:47:46.064 manager.py     :310  update_server                  INFO     Server updated successfully
01-05 06:52:24.302 autoreload.py  :203  trigger_reload                 INFO     G:\website\crea\RETSManager\web_app\views.py changed, reloading.
01-05 06:52:37.942 autoreload.py  :203  trigger_reload                 INFO     G:\website\crea\RETSManager\web_app\views.py changed, reloading.
01-05 06:52:42.537 autoreload.py  :203  trigger_reload                 INFO     G:\website\crea\RETSManager\web_app\views.py changed, reloading.
01-05 06:52:50.353 autoreload.py  :203  trigger_reload                 INFO     G:\website\crea\RETSManager\web_app\views.py changed, reloading.
01-05 06:57:40.236 log.py         :222  log_response                   ERROR    Internal Server Error: /
Traceback (most recent call last):
  File "C:\Users\conormc\.virtualenvs\crea-I1wVrwTJ\lib\site-packages\django\core\handlers\exception.py", line 34, in inner
    response = get_response(request)
  File "C:\Users\conormc\.virtualenvs\crea-I1wVrwTJ\lib\site-packages\django\core\handlers\base.py", line 115, in _get_response
    response = self.process_exception_by_middleware(e, request)
  File "C:\Users\conormc\.virtualenvs\crea-I1wVrwTJ\lib\site-packages\django\core\handlers\base.py", line 113, in _get_response
    response = wrapped_callback(request, *callback_args, **callback_kwargs)
  File "G:\website\crea\RETSManager\web_app\views.py", line 40, in home_page
    return render(request, "index.html", context)
  File "C:\Users\conormc\.virtualenvs\crea-I1wVrwTJ\lib\site-packages\django\shortcuts.py", line 36, in render
    content = loader.render_to_string(template_name, context, request, using=using)
  File "C:\Users\conormc\.virtualenvs\crea-I1wVrwTJ\lib\site-packages\django\template\loader.py", line 61, in render_to_string
    template = get_template(template_name, using=using)
  File "C:\Users\conormc\.virtualenvs\crea-I1wVrwTJ\lib\site-packages\django\template\loader.py", line 15, in get_template
    return engine.get_template(template_name)
  File "C:\Users\conormc\.virtualenvs\crea-I1wVrwTJ\lib\site-packages\django\template\backends\django.py", line 34, in get_template
    return Template(self.engine.get_template(template_name), self)
  File "C:\Users\conormc\.virtualenvs\crea-I1wVrwTJ\lib\site-packages\django\template\engine.py", line 143, in get_template
    template, origin = self.find_template(template_name)
  File "C:\Users\conormc\.virtualenvs\crea-I1wVrwTJ\lib\site-packages\django\template\engine.py", line 125, in find_template
    template = loader.get_template(name, skip=skip)
  File "C:\Users\conormc\.virtualenvs\crea-I1wVrwTJ\lib\site-packages\django\template\loaders\base.py", line 29, in get_template
    return Template(
  File "C:\Users\conormc\.virtualenvs\crea-I1wVrwTJ\lib\site-packages\django\template\base.py", line 156, in __init__
    self.nodelist = self.compile_nodelist()
  File "C:\Users\conormc\.virtualenvs\crea-I1wVrwTJ\lib\site-packages\django\template\base.py", line 194, in compile_nodelist
    return parser.parse()
  File "C:\Users\conormc\.virtualenvs\crea-I1wVrwTJ\lib\site-packages\django\template\base.py", line 478, in parse
    raise self.error(token, e)
  File "C:\Users\conormc\.virtualenvs\crea-I1wVrwTJ\lib\site-packages\django\template\base.py", line 476, in parse
    compiled_result = compile_func(self, token)
  File "C:\Users\conormc\.virtualenvs\crea-I1wVrwTJ\lib\site-packages\django\template\loader_tags.py", line 266, in do_extends
    nodelist = parser.parse()
  File "C:\Users\conormc\.virtualenvs\crea-I1wVrwTJ\lib\site-packages\django\template\base.py", line 478, in parse
    raise self.error(token, e)
  File "C:\Users\conormc\.virtualenvs\crea-I1wVrwTJ\lib\site-packages\django\template\base.py", line 476, in parse
    compiled_result = compile_func(self, token)
  File "C:\Users\conormc\.virtualenvs\crea-I1wVrwTJ\lib\site-packages\django\template\loader_tags.py", line 209, in do_block
    nodelist = parser.parse(('endblock',))
  File "C:\Users\conormc\.virtualenvs\crea-I1wVrwTJ\lib\site-packages\django\template\base.py", line 478, in parse
    raise self.error(token, e)
  File "C:\Users\conormc\.virtualenvs\crea-I1wVrwTJ\lib\site-packages\django\template\base.py", line 476, in parse
    compiled_result = compile_func(self, token)
  File "C:\Users\conormc\.virtualenvs\crea-I1wVrwTJ\lib\site-packages\django\template\defaulttags.py", line 811, in do_for
    nodelist_loop = parser.parse(('empty', 'endfor',))
  File "C:\Users\conormc\.virtualenvs\crea-I1wVrwTJ\lib\site-packages\django\template\base.py", line 449, in parse
    raise self.error(token, e)
  File "C:\Users\conormc\.virtualenvs\crea-I1wVrwTJ\lib\site-packages\django\template\base.py", line 447, in parse
    filter_expression = self.compile_filter(token.contents)
  File "C:\Users\conormc\.virtualenvs\crea-I1wVrwTJ\lib\site-packages\django\template\base.py", line 563, in compile_filter
    return FilterExpression(token, self)
  File "C:\Users\conormc\.virtualenvs\crea-I1wVrwTJ\lib\site-packages\django\template\base.py", line 662, in __init__
    raise TemplateSyntaxError("Could not parse the remainder: '%s' "
django.template.exceptions.TemplateSyntaxError: Could not parse the remainder: ' listing.StreetAddress' from 'listing.StreetNumber listing.StreetAddress'
01-05 07:55:15.110 autoreload.py  :203  trigger_reload                 INFO     G:\website\crea\RETSManager\ddf_manager\settings.py changed, reloading.
01-05 07:55:24.391 ddf_streamer.py:32   login                          INFO     ===========================================================================
01-05 07:55:24.780 ddf_streamer.py:35   login                          INFO     Login Successful
01-05 07:55:24.803 ddf_client.py  :272  update_listings                INFO     Update Listings Started
01-05 07:55:24.915 ddf_streamer.py:112  retrieve_active_records        ERROR    RETS Server Failure, Returned Code: 20701, Message: Not Logged In
01-05 07:55:24.915 ddf_client.py  :152  download_active_listings       ERROR    Failed to retrieve active records
01-05 07:55:24.915 ddf_client.py  :279  update_listings                ERROR    Failed to Download Active Listings
01-05 07:55:24.915 ddf_client.py  :280  update_listings                ERROR    Update was terminated
01-05 07:55:24.916 manager.py     :282  update_db                      ERROR    Failed to update DDF
01-05 07:55:24.916 manager.py     :283  update_db                      ERROR    Error in database update changes have been ignored
01-05 07:55:24.916 manager.py     :306  update_server                  INFO     Update Failed
01-05 07:55:24.961 ddf_streamer.py:51   logout                         INFO     Logout Successful
01-05 07:55:42.554 ddf_streamer.py:32   login                          INFO     ===========================================================================
01-05 07:55:42.729 ddf_streamer.py:35   login                          INFO     Login Successful
01-05 07:55:42.756 ddf_client.py  :272  update_listings                INFO     Update Listings Started
01-05 07:55:42.915 ddf_streamer.py:108  retrieve_active_records        WARNING  No Active Records Founds
01-05 07:55:42.915 ddf_client.py  :160  download_active_listings       INFO     0 active listings found since 2021-01-02T14:47:38Z
01-05 07:55:42.915 ddf_client.py  :183  download_active_listings       INFO     0 new active listing successfully downloaded
01-05 07:55:42.915 ddf_client.py  :202  download_remaining_listings    INFO     Attempting to download listings by id
01-05 07:55:43.048 ddf_streamer.py:75   retrieve_master_list           ERROR    Search Failed by RETS Server, Returned Code: 20201, Message: No Records Found
01-05 07:55:43.048 ddf_client.py  :209  download_remaining_listings    ERROR    Failed to Retrieve Master List
01-05 07:55:43.048 ddf_client.py  :305  update_listings                ERROR    Failed to Download Listings By ID
01-05 07:55:43.048 ddf_client.py  :306  update_listings                ERROR    Update was terminated
01-05 07:55:43.048 manager.py     :282  update_db                      ERROR    Failed to update DDF
01-05 07:55:43.048 manager.py     :283  update_db                      ERROR    Error in database update changes have been ignored
01-05 07:55:43.049 manager.py     :306  update_server                  INFO     Update Failed
01-05 07:55:43.183 ddf_streamer.py:51   logout                         INFO     Logout Successful
01-05 09:37:05.181 autoreload.py  :203  trigger_reload                 INFO     G:\website\crea\RETSManager\ddf_manager\settings.py changed, reloading.
01-05 11:15:52.762 autoreload.py  :203  trigger_reload                 INFO     G:\website\crea\RETSManager\RETS_Manager\settings.py changed, reloading.
01-13 13:35:11.518 log.py         :222  log_response                   WARNING  Not Found: /listings
01-13 14:10:50.028 autoreload.py  :203  trigger_reload                 INFO     G:\website\crea\RETSManager\ddf_manager\settings.py changed, reloading.
01-14 21:05:27.492 log.py         :222  log_response                   WARNING  Not Found: /listings
01-14 21:05:47.428 ddf_streamer.py:32   login                          INFO     ===========================================================================
01-14 21:05:47.834 ddf_streamer.py:35   login                          INFO     Login Successful
01-14 21:05:47.908 ddf_client.py  :272  update_listings                INFO     Update Listings Started
01-14 21:05:48.082 ddf_streamer.py:108  retrieve_active_records        WARNING  No Active Records Founds
01-14 21:05:48.082 ddf_client.py  :160  download_active_listings       INFO     0 active listings found since 2021-01-02T14:47:38Z
01-14 21:05:48.082 ddf_client.py  :183  download_active_listings       INFO     0 new active listing successfully downloaded
01-14 21:05:48.083 ddf_client.py  :202  download_remaining_listings    INFO     Attempting to download listings by id
01-14 21:05:48.148 ddf_streamer.py:75   retrieve_master_list           ERROR    Search Failed by RETS Server, Returned Code: 20201, Message: No Records Found
01-14 21:05:48.148 ddf_client.py  :209  download_remaining_listings    ERROR    Failed to Retrieve Master List
01-14 21:05:48.148 ddf_client.py  :305  update_listings                ERROR    Failed to Download Listings By ID
01-14 21:05:48.148 ddf_client.py  :306  update_listings                ERROR    Update was terminated
01-14 21:05:48.148 manager.py     :282  update_db                      ERROR    Failed to update DDF
01-14 21:05:48.148 manager.py     :283  update_db                      ERROR    Error in database update changes have been ignored
01-14 21:05:48.148 manager.py     :306  update_server                  INFO     Update Failed
01-14 21:05:48.212 ddf_streamer.py:51   logout                         INFO     Logout Successful
01-14 21:06:01.850 ddf_streamer.py:32   login                          INFO     ===========================================================================
01-14 21:06:01.962 ddf_streamer.py:35   login                          INFO     Login Successful
01-14 21:06:01.978 ddf_client.py  :272  update_listings                INFO     Update Listings Started
01-14 21:06:02.196 ddf_streamer.py:108  retrieve_active_records        WARNING  No Active Records Founds
01-14 21:06:02.196 ddf_client.py  :160  download_active_listings       INFO     0 active listings found since 2021-01-02T14:47:38Z
01-14 21:06:02.197 ddf_client.py  :183  download_active_listings       INFO     0 new active listing successfully downloaded
01-14 21:06:02.197 ddf_client.py  :202  download_remaining_listings    INFO     Attempting to download listings by id
01-14 21:06:02.258 ddf_streamer.py:75   retrieve_master_list           ERROR    Search Failed by RETS Server, Returned Code: 20201, Message: No Records Found
01-14 21:06:02.259 ddf_client.py  :209  download_remaining_listings    ERROR    Failed to Retrieve Master List
01-14 21:06:02.259 ddf_client.py  :305  update_listings                ERROR    Failed to Download Listings By ID
01-14 21:06:02.259 ddf_client.py  :306  update_listings                ERROR    Update was terminated
01-14 21:06:02.259 manager.py     :282  update_db                      ERROR    Failed to update DDF
01-14 21:06:02.259 manager.py     :283  update_db                      ERROR    Error in database update changes have been ignored
01-14 21:06:02.260 manager.py     :306  update_server                  INFO     Update Failed
01-14 21:06:02.324 ddf_streamer.py:51   logout                         INFO     Logout Successful
01-14 21:06:44.409 ddf_streamer.py:32   login                          INFO     ===========================================================================
01-14 21:06:44.541 ddf_streamer.py:35   login                          INFO     Login Successful
01-14 21:06:44.555 ddf_client.py  :272  update_listings                INFO     Update Listings Started
01-14 21:06:44.741 ddf_streamer.py:108  retrieve_active_records        WARNING  No Active Records Founds
01-14 21:06:44.741 ddf_client.py  :160  download_active_listings       INFO     0 active listings found since 2021-01-02T14:47:38Z
01-14 21:06:44.741 ddf_client.py  :183  download_active_listings       INFO     0 new active listing successfully downloaded
01-14 21:06:44.742 ddf_client.py  :202  download_remaining_listings    INFO     Attempting to download listings by id
01-14 21:06:44.804 ddf_streamer.py:75   retrieve_master_list           ERROR    Search Failed by RETS Server, Returned Code: 20201, Message: No Records Found
01-14 21:06:44.804 ddf_client.py  :209  download_remaining_listings    ERROR    Failed to Retrieve Master List
01-14 21:06:44.805 ddf_client.py  :305  update_listings                ERROR    Failed to Download Listings By ID
01-14 21:06:44.805 ddf_client.py  :306  update_listings                ERROR    Update was terminated
01-14 21:06:44.805 manager.py     :282  update_db                      ERROR    Failed to update DDF
01-14 21:06:44.805 manager.py     :283  update_db                      ERROR    Error in database update changes have been ignored
01-14 21:06:44.805 manager.py     :306  update_server                  INFO     Update Failed
01-14 21:06:44.912 ddf_streamer.py:51   logout                         INFO     Logout Successful
01-15 05:58:33.564 autoreload.py  :203  trigger_reload                 INFO     G:\website\crea\RETSManager\RETS_Manager\settings.py changed, reloading.
01-15 08:38:44.819 log.py         :222  log_response                   WARNING  Not Found: /listings
01-15 08:49:26.313 ddf_streamer.py:32   login                          INFO     ===========================================================================
01-15 08:49:26.632 ddf_streamer.py:35   login                          INFO     Login Successful
01-15 08:49:26.658 ddf_client.py  :272  update_listings                INFO     Update Listings Started
01-15 08:49:26.855 ddf_streamer.py:108  retrieve_active_records        WARNING  No Active Records Founds
01-15 08:49:26.855 ddf_client.py  :160  download_active_listings       INFO     0 active listings found since 2021-01-02T14:47:38Z
01-15 08:49:26.856 ddf_client.py  :183  download_active_listings       INFO     0 new active listing successfully downloaded
01-15 08:49:26.857 ddf_client.py  :202  download_remaining_listings    INFO     Attempting to download listings by id
01-15 08:49:26.925 ddf_streamer.py:75   retrieve_master_list           ERROR    Search Failed by RETS Server, Returned Code: 20201, Message: No Records Found
01-15 08:49:26.926 ddf_client.py  :209  download_remaining_listings    ERROR    Failed to Retrieve Master List
01-15 08:49:26.927 ddf_client.py  :305  update_listings                ERROR    Failed to Download Listings By ID
01-15 08:49:26.929 ddf_client.py  :306  update_listings                ERROR    Update was terminated
01-15 08:49:26.930 manager.py     :282  update_db                      ERROR    Failed to update DDF
01-15 08:49:26.931 manager.py     :283  update_db                      ERROR    Error in database update changes have been ignored
01-15 08:49:26.931 manager.py     :306  update_server                  INFO     Update Failed
01-15 08:49:26.991 ddf_streamer.py:51   logout                         INFO     Logout Successful
01-15 08:49:47.946 ddf_streamer.py:32   login                          INFO     ===========================================================================
01-15 08:49:48.065 ddf_streamer.py:35   login                          INFO     Login Successful
01-15 08:49:48.079 ddf_client.py  :272  update_listings                INFO     Update Listings Started
01-15 08:49:48.305 ddf_streamer.py:108  retrieve_active_records        WARNING  No Active Records Founds
01-15 08:49:48.306 ddf_client.py  :160  download_active_listings       INFO     0 active listings found since 2021-01-02T14:47:38Z
01-15 08:49:48.306 ddf_client.py  :183  download_active_listings       INFO     0 new active listing successfully downloaded
01-15 08:49:48.306 ddf_client.py  :202  download_remaining_listings    INFO     Attempting to download listings by id
01-15 08:49:48.492 ddf_streamer.py:75   retrieve_master_list           ERROR    Search Failed by RETS Server, Returned Code: 20201, Message: No Records Found
01-15 08:49:48.493 ddf_client.py  :209  download_remaining_listings    ERROR    Failed to Retrieve Master List
01-15 08:49:48.493 ddf_client.py  :305  update_listings                ERROR    Failed to Download Listings By ID
01-15 08:49:48.493 ddf_client.py  :306  update_listings                ERROR    Update was terminated
01-15 08:49:48.494 manager.py     :282  update_db                      ERROR    Failed to update DDF
01-15 08:49:48.494 manager.py     :283  update_db                      ERROR    Error in database update changes have been ignored
01-15 08:49:48.494 manager.py     :306  update_server                  INFO     Update Failed
01-15 08:49:48.595 ddf_streamer.py:51   logout                         INFO     Logout Successful
01-15 08:56:11.669 autoreload.py  :203  trigger_reload                 INFO     G:\website\crea\RETSManager\ddf_manager\settings.py changed, reloading.
01-15 08:56:14.825 autoreload.py  :203  trigger_reload                 INFO     G:\website\crea\RETSManager\ddf_manager\settings.py changed, reloading.
01-15 08:56:19.603 ddf_streamer.py:32   login                          INFO     ===========================================================================
01-15 08:56:20.007 ddf_streamer.py:35   login                          INFO     Login Successful
01-15 08:56:20.040 ddf_client.py  :272  update_listings                INFO     Update Listings Started
01-15 08:56:20.141 ddf_streamer.py:112  retrieve_active_records        ERROR    RETS Server Failure, Returned Code: 20701, Message: Not Logged In
01-15 08:56:20.141 ddf_client.py  :152  download_active_listings       ERROR    Failed to retrieve active records
01-15 08:56:20.142 ddf_client.py  :279  update_listings                ERROR    Failed to Download Active Listings
01-15 08:56:20.143 ddf_client.py  :280  update_listings                ERROR    Update was terminated
01-15 08:56:20.143 manager.py     :282  update_db                      ERROR    Failed to update DDF
01-15 08:56:20.144 manager.py     :283  update_db                      ERROR    Error in database update changes have been ignored
01-15 08:56:20.144 manager.py     :306  update_server                  INFO     Update Failed
01-15 08:56:20.209 ddf_streamer.py:51   logout                         INFO     Logout Successful
01-15 08:56:32.418 ddf_streamer.py:32   login                          INFO     ===========================================================================
01-15 08:56:32.569 ddf_streamer.py:35   login                          INFO     Login Successful
01-15 08:56:32.583 ddf_client.py  :272  update_listings                INFO     Update Listings Started
01-15 08:56:32.925 ddf_client.py  :160  download_active_listings       INFO     10 active listings found since 2021-01-02T14:47:38Z
01-15 08:56:32.925 ddf_client.py  :183  download_active_listings       INFO     10 new active listing successfully downloaded
01-15 08:56:32.925 ddf_client.py  :285  update_listings                WARNING  Download by ID is skipped as limit is reached through active listing search
01-15 08:56:32.925 ddf_client.py  :452  update                         INFO     Listing Update Completed
01-15 08:56:34.861 ddf_media.py   :319  download_photos                INFO     All New 10 Listing Photos were Downloaded Successfully
01-15 08:56:34.862 ddf_client.py  :462  update                         INFO     Data Update was successful
01-15 08:56:39.413 db_write.py    :177  update_records                 INFO     New Listings       : 10
01-15 08:56:39.413 db_write.py    :178  update_records                 INFO     Updated Listings   : 0
01-15 08:56:39.414 db_write.py    :179  update_records                 INFO     No Change Listings : 0
01-15 08:56:39.414 db_write.py    :180  update_records                 INFO     No Address Listings: 0
01-15 08:56:39.416 manager.py     :56   delete_records                 INFO     Deleted 0 old record from DB
01-15 08:56:39.441 manager.py     :279  update_db                      INFO     DB updated successfully
01-15 08:56:39.628 ddf_streamer.py:51   logout                         INFO     Logout Successful
01-15 08:56:39.629 manager.py     :310  update_server                  INFO     Server updated successfully
01-15 08:57:22.788 log.py         :222  log_response                   WARNING  Not Found: /neighbourhoods
01-15 08:57:33.878 log.py         :222  log_response                   WARNING  Not Found: /listings
01-15 09:27:25.116 autoreload.py  :203  trigger_reload                 INFO     G:\website\crea\RETSManager\ddf_manager\settings.py changed, reloading.
01-15 09:27:28.332 autoreload.py  :203  trigger_reload                 INFO     G:\website\crea\RETSManager\ddf_manager\settings.py changed, reloading.
01-15 09:28:19.193 autoreload.py  :203  trigger_reload                 INFO     G:\website\crea\RETSManager\ddf_manager\settings.py changed, reloading.
01-15 09:28:20.744 ddf_client.py  :35   __init__                       ERROR    name 'username' is not defined
01-15 09:33:35.172 autoreload.py  :203  trigger_reload                 INFO     G:\website\crea\RETSManager\RETS_Manager\settings.py changed, reloading.
01-15 09:33:36.835 ddf_client.py  :35   __init__                       ERROR    name 'username' is not defined
01-15 09:33:44.154 autoreload.py  :203  trigger_reload                 INFO     G:\website\crea\RETSManager\RETS_Manager\settings.py changed, reloading.
01-15 09:33:45.437 ddf_client.py  :35   __init__                       ERROR    name 'username' is not defined
01-15 09:47:55.831 autoreload.py  :203  trigger_reload                 INFO     G:\website\crea\RETSManager\RETS_Manager\settings.py changed, reloading.
01-15 09:47:57.391 ddf_client.py  :35   __init__                       ERROR    name 'username' is not defined
01-15 09:48:01.400 autoreload.py  :203  trigger_reload                 INFO     G:\website\crea\RETSManager\RETS_Manager\settings.py changed, reloading.
01-15 09:48:03.183 ddf_client.py  :35   __init__                       ERROR    name 'username' is not defined
01-15 09:48:14.773 log.py         :222  log_response                   WARNING  Not Found: /tets
01-15 09:48:18.119 manager.py     :313  update_server                  ERROR    'DDFClient' object has no attribute 'streamer'
01-15 09:48:18.120 manager.py     :314  update_server                  ERROR    Error in update_server
01-15 09:48:42.948 autoreload.py  :203  trigger_reload                 INFO     G:\website\crea\RETSManager\ddf_manager\settings.py changed, reloading.
01-15 09:48:44.220 ddf_client.py  :35   __init__                       ERROR    name 'username' is not defined
01-15 09:48:48.097 autoreload.py  :203  trigger_reload                 INFO     G:\website\crea\RETSManager\RETS_Manager\settings.py changed, reloading.
01-15 09:48:49.360 ddf_client.py  :35   __init__                       ERROR    name 'username' is not defined
01-15 09:53:10.575 ddf_client.py  :35   __init__                       ERROR    name 'username' is not defined
01-15 09:53:56.321 autoreload.py  :203  trigger_reload                 INFO     G:\website\crea\RETSManager\RETS_Manager\settings.py changed, reloading.
01-15 09:53:57.602 ddf_client.py  :35   __init__                       ERROR    name 'username' is not defined
01-15 09:54:04.592 manager.py     :313  update_server                  ERROR    'DDFClient' object has no attribute 'streamer'
01-15 09:54:04.593 manager.py     :314  update_server                  ERROR    Error in update_server
01-15 09:55:03.337 autoreload.py  :203  trigger_reload                 INFO     G:\website\crea\RETSManager\ddf_manager\settings.py changed, reloading.
01-15 09:55:04.830 ddf_client.py  :35   __init__                       ERROR    name 'username' is not defined
01-15 09:57:01.738 manager.py     :313  update_server                  ERROR    'DDFClient' object has no attribute 'streamer'
01-15 09:57:01.741 manager.py     :314  update_server                  ERROR    Error in update_server
01-15 09:57:37.149 autoreload.py  :203  trigger_reload                 INFO     G:\website\crea\RETSManager\ddf_manager\settings.py changed, reloading.
01-15 09:57:39.567 ddf_streamer.py:32   login                          INFO     ===========================================================================
01-15 09:57:39.894 ddf_streamer.py:35   login                          INFO     Login Successful
01-15 09:57:39.934 ddf_client.py  :272  update_listings                INFO     Update Listings Started
01-15 09:57:40.057 ddf_streamer.py:112  retrieve_active_records        ERROR    RETS Server Failure, Returned Code: 20701, Message: Not Logged In
01-15 09:57:40.057 ddf_client.py  :152  download_active_listings       ERROR    Failed to retrieve active records
01-15 09:57:40.057 ddf_client.py  :279  update_listings                ERROR    Failed to Download Active Listings
01-15 09:57:40.057 ddf_client.py  :280  update_listings                ERROR    Update was terminated
01-15 09:57:40.058 manager.py     :282  update_db                      ERROR    Failed to update DDF
01-15 09:57:40.058 manager.py     :283  update_db                      ERROR    Error in database update changes have been ignored
01-15 09:57:40.058 manager.py     :306  update_server                  INFO     Update Failed
01-15 09:57:40.143 ddf_streamer.py:51   logout                         INFO     Logout Successful
01-15 10:04:48.860 autoreload.py  :203  trigger_reload                 INFO     G:\website\crea\RETSManager\ddf_manager\settings.py changed, reloading.
01-15 10:04:51.751 autoreload.py  :203  trigger_reload                 INFO     G:\website\crea\RETSManager\ddf_manager\settings.py changed, reloading.
01-15 10:04:53.220 ddf_client.py  :35   __init__                       ERROR    name 'username' is not defined
01-15 10:04:59.318 manager.py     :313  update_server                  ERROR    'DDFClient' object has no attribute 'streamer'
01-15 10:04:59.319 manager.py     :314  update_server                  ERROR    Error in update_server
01-15 11:28:24.430 manager.py     :313  update_server                  ERROR    'DDFClient' object has no attribute 'streamer'
01-15 11:28:24.430 manager.py     :314  update_server                  ERROR    Error in update_server
01-03 18:42:52.586 ddf_client.py  :35   __init__                       ERROR    name 'username' is not defined
01-03 18:58:51.988 log.py         :222  log_response                   WARNING  Not Found: /listings
01-03 19:01:40.526 log.py         :222  log_response                   WARNING  Not Found: /neighbourhoods
01-03 19:02:07.602 log.py         :222  log_response                   WARNING  Not Found: /listings
01-03 19:18:11.195 log.py         :222  log_response                   WARNING  Not Found: /test/
01-03 19:18:25.174 log.py         :222  log_response                   WARNING  Not Found: /test/
01-03 19:18:26.261 log.py         :222  log_response                   WARNING  Not Found: /test/
01-03 19:18:26.959 log.py         :222  log_response                   WARNING  Not Found: /test/
01-03 19:19:04.516 autoreload.py  :203  trigger_reload                 INFO     G:\website\crea\RETSManager\web_app\urls.py changed, reloading.
01-03 19:19:05.925 ddf_client.py  :35   __init__                       ERROR    name 'username' is not defined
01-03 19:19:08.051 manager.py     :313  update_server                  ERROR    'DDFClient' object has no attribute 'streamer'
01-03 19:19:08.053 manager.py     :314  update_server                  ERROR    Error in update_server
01-03 19:19:43.655 manager.py     :313  update_server                  ERROR    'DDFClient' object has no attribute 'streamer'
01-03 19:19:43.655 manager.py     :314  update_server                  ERROR    Error in update_server
01-03 19:20:28.155 manager.py     :313  update_server                  ERROR    'DDFClient' object has no attribute 'streamer'
01-03 19:20:28.155 manager.py     :314  update_server                  ERROR    Error in update_server
01-03 19:21:19.175 manager.py     :313  update_server                  ERROR    'DDFClient' object has no attribute 'streamer'
01-03 19:21:19.175 manager.py     :314  update_server                  ERROR    Error in update_server
01-03 19:25:51.490 autoreload.py  :203  trigger_reload                 INFO     G:\website\crea\RETSManager\web_app\views.py changed, reloading.
01-03 19:25:52.679 ddf_client.py  :35   __init__                       ERROR    name 'username' is not defined
01-03 19:25:57.722 autoreload.py  :203  trigger_reload                 INFO     G:\website\crea\RETSManager\web_app\views.py changed, reloading.
01-03 19:25:59.042 ddf_client.py  :35   __init__                       ERROR    name 'username' is not defined
01-03 19:26:05.204 autoreload.py  :203  trigger_reload                 INFO     G:\website\crea\RETSManager\web_app\views.py changed, reloading.
01-03 19:26:06.425 ddf_client.py  :35   __init__                       ERROR    name 'username' is not defined
01-03 19:27:34.544 autoreload.py  :203  trigger_reload                 INFO     G:\website\crea\RETSManager\web_app\views.py changed, reloading.
01-03 19:27:35.858 ddf_client.py  :35   __init__                       ERROR    name 'username' is not defined
01-03 19:28:10.635 autoreload.py  :203  trigger_reload                 INFO     G:\website\crea\RETSManager\web_app\views.py changed, reloading.
01-03 19:28:12.069 ddf_client.py  :35   __init__                       ERROR    name 'username' is not defined
01-03 19:28:12.655 log.py         :222  log_response                   ERROR    Internal Server Error: /
Traceback (most recent call last):
  File "C:\Users\conormc\.virtualenvs\crea-I1wVrwTJ\lib\site-packages\django\core\handlers\exception.py", line 34, in inner
    response = get_response(request)
  File "C:\Users\conormc\.virtualenvs\crea-I1wVrwTJ\lib\site-packages\django\core\handlers\base.py", line 115, in _get_response
    response = self.process_exception_by_middleware(e, request)
  File "C:\Users\conormc\.virtualenvs\crea-I1wVrwTJ\lib\site-packages\django\core\handlers\base.py", line 113, in _get_response
    response = wrapped_callback(request, *callback_args, **callback_kwargs)
  File "G:\website\crea\RETSManager\web_app\views.py", line 44, in home_page
    ddf_info = json.loads(response.text)
  File "c:\users\conormc\appdata\local\programs\python\python38-32\lib\json\__init__.py", line 357, in loads
    return _default_decoder.decode(s)
  File "c:\users\conormc\appdata\local\programs\python\python38-32\lib\json\decoder.py", line 337, in decode
    obj, end = self.raw_decode(s, idx=_w(s, 0).end())
  File "c:\users\conormc\appdata\local\programs\python\python38-32\lib\json\decoder.py", line 355, in raw_decode
    raise JSONDecodeError("Expecting value", s, err.value) from None
json.decoder.JSONDecodeError: Expecting value: line 1 column 1 (char 0)
01-03 19:29:37.512 autoreload.py  :203  trigger_reload                 INFO     G:\website\crea\RETSManager\web_app\views.py changed, reloading.
01-03 19:29:39.019 ddf_client.py  :35   __init__                       ERROR    name 'username' is not defined
01-03 19:29:50.003 manager.py     :313  update_server                  ERROR    'DDFClient' object has no attribute 'streamer'
01-03 19:29:50.004 manager.py     :314  update_server                  ERROR    Error in update_server
01-03 19:31:24.864 autoreload.py  :203  trigger_reload                 INFO     G:\website\crea\RETSManager\ddf_manager\settings.py changed, reloading.
01-03 19:31:26.792 ddf_streamer.py:32   login                          INFO     ===========================================================================
01-03 19:31:27.236 ddf_streamer.py:35   login                          INFO     Login Successful
01-03 19:31:27.350 ddf_client.py  :272  update_listings                INFO     Update Listings Started
01-03 19:31:27.772 ddf_streamer.py:112  retrieve_active_records        ERROR    RETS Server Failure, Returned Code: 20701, Message: Not Logged In
01-03 19:31:27.772 ddf_client.py  :152  download_active_listings       ERROR    Failed to retrieve active records
01-03 19:31:27.773 ddf_client.py  :279  update_listings                ERROR    Failed to Download Active Listings
01-03 19:31:27.773 ddf_client.py  :280  update_listings                ERROR    Update was terminated
01-03 19:31:27.773 manager.py     :282  update_db                      ERROR    Failed to update DDF
01-03 19:31:27.773 manager.py     :283  update_db                      ERROR    Error in database update changes have been ignored
01-03 19:31:27.773 manager.py     :306  update_server                  INFO     Update Failed
01-03 19:31:27.865 ddf_streamer.py:51   logout                         INFO     Logout Successful
01-03 19:31:40.420 ddf_streamer.py:32   login                          INFO     ===========================================================================
01-03 19:31:40.658 ddf_streamer.py:35   login                          INFO     Login Successful
01-03 19:31:40.720 ddf_client.py  :272  update_listings                INFO     Update Listings Started
01-03 19:31:42.223 ddf_client.py  :160  download_active_listings       INFO     10 active listings found since 2021-01-12T16:56:32Z
01-03 19:31:42.223 ddf_client.py  :183  download_active_listings       INFO     10 new active listing successfully downloaded
01-03 19:31:42.223 ddf_client.py  :285  update_listings                WARNING  Download by ID is skipped as limit is reached through active listing search
01-03 19:31:42.223 ddf_client.py  :452  update                         INFO     Listing Update Completed
01-03 19:31:43.333 ddf_media.py   :235  get_photos                     ERROR    local variable 'photo_id' referenced before assignment
01-03 19:31:43.334 ddf_media.py   :236  get_photos                     ERROR    Failed to get Photos for Listing:22721841
01-03 19:31:43.619 ddf_media.py   :235  get_photos                     ERROR    local variable 'photo_id' referenced before assignment
01-03 19:31:43.620 ddf_media.py   :236  get_photos                     ERROR    Failed to get Photos for Listing:22721869
01-03 19:31:44.212 ddf_media.py   :235  get_photos                     ERROR    local variable 'photo_id' referenced before assignment
01-03 19:31:44.213 ddf_media.py   :236  get_photos                     ERROR    Failed to get Photos for Listing:22723346
01-03 19:31:44.214 ddf_media.py   :317  download_photos                WARNING  Failed to Download 3 Photos
01-03 19:31:44.214 ddf_client.py  :402  update_photos                  INFO     Retry to Download Failed Downloads
01-03 19:31:44.215 ddf_client.py  :365  remove_failed_photos_listings  INFO     Removed Listing 22721841 from Listings as photos failed to download
01-03 19:31:44.215 ddf_client.py  :365  remove_failed_photos_listings  INFO     Removed Listing 22723346 from Listings as photos failed to download
01-03 19:31:44.215 ddf_client.py  :462  update                         INFO     Data Update was successful
01-03 19:31:48.806 db_write.py    :177  update_records                 INFO     New Listings       : 8
01-03 19:31:48.806 db_write.py    :178  update_records                 INFO     Updated Listings   : 0
01-03 19:31:48.807 db_write.py    :179  update_records                 INFO     No Change Listings : 0
01-03 19:31:48.807 db_write.py    :180  update_records                 INFO     No Address Listings: 0
01-03 19:31:48.810 manager.py     :56   delete_records                 INFO     Deleted 0 old record from DB
01-03 19:31:48.813 manager.py     :279  update_db                      INFO     DB updated successfully
01-03 19:31:49.082 ddf_streamer.py:51   logout                         INFO     Logout Successful
01-03 19:31:49.082 manager.py     :310  update_server                  INFO     Server updated successfully
01-03 19:31:59.513 ddf_streamer.py:32   login                          INFO     ===========================================================================
01-03 19:31:59.772 ddf_streamer.py:35   login                          INFO     Login Successful
01-03 19:31:59.840 ddf_client.py  :272  update_listings                INFO     Update Listings Started
01-03 19:32:00.953 ddf_client.py  :160  download_active_listings       INFO     10 active listings found since 2022-01-01T03:31:40Z
01-03 19:32:00.954 ddf_client.py  :183  download_active_listings       INFO     10 new active listing successfully downloaded
01-03 19:32:00.954 ddf_client.py  :285  update_listings                WARNING  Download by ID is skipped as limit is reached through active listing search
01-03 19:32:00.954 ddf_client.py  :452  update                         INFO     Listing Update Completed
01-03 19:32:03.264 ddf_media.py   :319  download_photos                INFO     All New 10 Listing Photos were Downloaded Successfully
01-03 19:32:03.265 ddf_client.py  :462  update                         INFO     Data Update was successful
01-03 19:32:08.506 db_write.py    :177  update_records                 INFO     New Listings       : 10
01-03 19:32:08.506 db_write.py    :178  update_records                 INFO     Updated Listings   : 0
01-03 19:32:08.506 db_write.py    :179  update_records                 INFO     No Change Listings : 0
01-03 19:32:08.507 db_write.py    :180  update_records                 INFO     No Address Listings: 0
01-03 19:32:08.510 manager.py     :56   delete_records                 INFO     Deleted 0 old record from DB
01-03 19:32:08.513 manager.py     :279  update_db                      INFO     DB updated successfully
01-03 19:32:08.816 ddf_streamer.py:51   logout                         INFO     Logout Successful
01-03 19:32:08.816 manager.py     :310  update_server                  INFO     Server updated successfully
